INFO main testbase.TestBase - Starting Browser:chrome
INFO main testbase.TestBase - Started Browser:chrome
INFO main testbase.TestBase - Starting Browser:chrome
INFO main testbase.TestBase - Started Browser:chrome
INFO main testbase.TestBase - Starting Browser:chrome
INFO main testbase.TestBase - Started Browser:chrome
INFO main testbase.TestBase - Starting Browser:chrome
INFO main testbase.TestBase - Started Browser:chrome
INFO main testbase.TestBase - Starting Browser:firefox
INFO main testbase.TestBase - Started Browser:firefox
INFO main testbase.TestBase - Starting Browser:chrome
INFO main testbase.TestBase - Started Browser:chrome
INFO main testbase.TestBase - Starting Browser:chrome
INFO main testbase.TestBase - Started Browser:chrome
INFO main testbase.TestBase - Starting Browser:chrome
INFO main testbase.TestBase - Started Browser:chrome
INFO main testbase.TestBase - Starting Browser:chrome
INFO main testbase.TestBase - Started Browser:chrome
INFO main testbase.TestBase - Starting Browser:chrome
INFO main testbase.TestBase - Started Browser:chrome
INFO main testbase.TestBase - Starting Browser:chrome
INFO main testbase.TestBase - Started Browser:chrome
INFO main testbase.TestBase - Starting Browser:chrome
INFO main testbase.TestBase - Started Browser:chrome
INFO main testbase.TestBase - Starting Browser:chrome
INFO main testbase.TestBase - Started Browser:chrome
INFO main testbase.TestBase - Starting Browser:chrome
INFO main testbase.TestBase - Started Browser:chrome
INFO main testbase.TestBase - Starting Browser:chrome
INFO main testbase.TestBase - Started Browser:chrome
INFO main testbase.TestBase - Starting Browser:chrome
INFO main testbase.TestBase - Started Browser:chrome
INFO main testbase.TestBase - Started URL:https://opensource-demo.orangehrmlive.com/
INFO main testbase.TestBase - Starting Browser:chrome
INFO main testbase.TestBase - Started Browser:chrome
INFO main testbase.TestBase - Started URL:https://opensource-demo.orangehrmlive.com/
INFO main testbase.TestBase - Starting Browser:chrome
INFO main testbase.TestBase - Started Browser:chrome
INFO main testbase.TestBase - Started URL:https://opensource-demo.orangehrmlive.com/
INFO main testbase.TestBase - Starting Browser:chrome
INFO main testbase.TestBase - Started Browser:chrome
INFO main testbase.TestBase - Started URL:https://opensource-demo.orangehrmlive.com/
INFO main testbase.TestBase - Starting Browser:chrome
INFO main testbase.TestBase - Started Browser:chrome
INFO main testbase.TestBase - Started URL:https://opensource-demo.orangehrmlive.com/
INFO main testbase.TestBase - Starting Browser:chrome
INFO main testbase.TestBase - Started Browser:chrome
INFO main testbase.TestBase - Started URL:https://opensource-demo.orangehrmlive.com/
INFO main testbase.TestBase - Starting Browser:chrome
INFO main testbase.TestBase - Started Browser:chrome
INFO main testbase.TestBase - Started URL:https://opensource-demo.orangehrmlive.com/
INFO main testbase.TestBase - Starting Browser:chrome
INFO main testbase.TestBase - Started Browser:chrome
INFO main testbase.TestBase - Started URL:https://opensource-demo.orangehrmlive.com/
INFO main testbase.TestBase - Starting Browser:chrome
INFO main testbase.TestBase - Started Browser:chrome
INFO main testbase.TestBase - Started URL:https://opensource-demo.orangehrmlive.com/
INFO main testbase.TestBase - Starting Browser:chrome
INFO main testbase.TestBase - Started Browser:chrome
INFO main testbase.TestBase - Started URL:https://opensource-demo.orangehrmlive.com/
INFO main testbase.TestBase - Starting Browser:chrome
INFO main testbase.TestBase - Started Browser:chrome
INFO main testbase.TestBase - Started URL:https://opensource-demo.orangehrmlive.com/
INFO main testbase.TestBase - Starting Browser:chrome
INFO main testbase.TestBase - Started Browser:chrome
INFO main testbase.TestBase - Started URL:https://opensource-demo.orangehrmlive.com/
INFO main testbase.TestBase - Starting Browser:chrome
INFO main testbase.TestBase - Starting Browser:chrome
INFO main testbase.TestBase - Started Browser:chrome
INFO main testbase.TestBase - Started URL:https://opensource-demo.orangehrmlive.com/
INFO main testbase.TestBase - Starting Browser:chrome
INFO main testbase.TestBase - Started Browser:chrome
INFO main testbase.TestBase - Started URL:https://opensource-demo.orangehrmlive.com/
INFO main testbase.TestBase - Starting Browser:chrome
INFO main testbase.TestBase - Started Browser:chrome
INFO main testbase.TestBase - Started URL:https://opensource-demo.orangehrmlive.com/
INFO main testbase.TestBase - Starting Browser:chrome
INFO main testbase.TestBase - Started Browser:chrome
INFO main testbase.TestBase - Started URL:https://opensource-demo.orangehrmlive.com/
INFO main testbase.TestBase - Starting Browser:chrome
INFO main testbase.TestBase - Started Browser:chrome
INFO main testbase.TestBase - Started URL:https://opensource-demo.orangehrmlive.com/
INFO main testbase.TestBase - Starting Browser:chrome
INFO main testbase.TestBase - Started Browser:chrome
INFO main testbase.TestBase - Started URL:https://opensource-demo.orangehrmlive.com/
INFO main testbase.TestBase - Starting Browser:chrome
INFO main testbase.TestBase - Started Browser:chrome
INFO main testbase.TestBase - Started URL:https://opensource-demo.orangehrmlive.com/
INFO main testbase.TestBase - Starting Browser:chrome
INFO main testbase.TestBase - Started Browser:chrome
INFO main testbase.TestBase - Started URL:https://opensource-demo.orangehrmlive.com/
INFO main testbase.TestBase - Starting Browser:chrome
INFO main testbase.TestBase - Started Browser:chrome
INFO main testbase.TestBase - Started URL:https://opensource-demo.orangehrmlive.com/
INFO main testbase.TestBase - Starting Browser:chrome
INFO main testbase.TestBase - Started Browser:chrome
INFO main testbase.TestBase - Started URL:https://opensource-demo.orangehrmlive.com/
INFO main testbase.TestBase - Starting Browser:chrome
INFO main testbase.TestBase - Started Browser:chrome
INFO main testbase.TestBase - Started URL:https://opensource-demo.orangehrmlive.com/
INFO main testbase.TestBase - Starting Browser:chrome
INFO main testbase.TestBase - Started Browser:chrome
INFO main testbase.TestBase - Started URL:https://opensource-demo.orangehrmlive.com/
INFO main testbase.TestBase - Starting Browser:chrome
INFO main testbase.TestBase - Started Browser:chrome
INFO main testbase.TestBase - Started URL:https://opensource-demo.orangehrmlive.com/
INFO main testbase.TestBase - Starting Browser:chrome
INFO main testbase.TestBase - Started Browser:chrome
INFO main testbase.TestBase - Started URL:https://opensource-demo.orangehrmlive.com/
INFO main testbase.TestBase - Starting Browser:chrome
INFO main testbase.TestBase - Started Browser:chrome
INFO main testbase.TestBase - Started URL:https://opensource-demo.orangehrmlive.com/
INFO main testbase.TestBase - Starting Browser:chrome
INFO main testbase.TestBase - Started Browser:chrome
INFO main testbase.TestBase - Started URL:https://opensource-demo.orangehrmlive.com/
INFO main testbase.TestBase - Starting Browser:chrome
INFO main testbase.TestBase - Started Browser:chrome
INFO main testbase.TestBase - Started URL:https://opensource-demo.orangehrmlive.com/
INFO main testbase.TestBase - Starting Browser:chrome
INFO main testbase.TestBase - Started Browser:chrome
INFO main testbase.TestBase - Started URL:https://opensource-demo.orangehrmlive.com/
INFO main testbase.TestBase - Starting Browser:chrome
INFO main testbase.TestBase - Started Browser:chrome
INFO main testbase.TestBase - Started URL:https://opensource-demo.orangehrmlive.com/
INFO main testbase.TestBase - Starting Browser:chrome
INFO main testbase.TestBase - Started Browser:chrome
INFO main testbase.TestBase - Started URL:https://opensource-demo.orangehrmlive.com/
INFO main testbase.TestBase - Starting Browser:chrome
INFO main testbase.TestBase - Started Browser:chrome
INFO main testbase.TestBase - Started URL:https://opensource-demo.orangehrmlive.com/
INFO main testbase.TestBase - Starting Browser:chrome
INFO main testbase.TestBase - Started Browser:chrome
INFO main testbase.TestBase - Started URL:https://opensource-demo.orangehrmlive.com/
INFO main testbase.TestBase - Starting Browser:chrome
INFO main testbase.TestBase - Started Browser:chrome
INFO main testbase.TestBase - Started URL:https://opensource-demo.orangehrmlive.com/
INFO main testbase.TestBase - Starting Browser:chrome
INFO main testbase.TestBase - Started Browser:chrome
INFO main testbase.TestBase - Started URL:https://opensource-demo.orangehrmlive.com/
INFO main testbase.TestBase - Starting Browser:chrome
INFO main testbase.TestBase - Started Browser:chrome
INFO main testbase.TestBase - Started URL:https://opensource-demo.orangehrmlive.com/
INFO main testbase.TestBase - Starting Browser:chrome
INFO main testbase.TestBase - Started Browser:chrome
INFO main testbase.TestBase - Started URL:https://opensource-demo.orangehrmlive.com/
INFO main testbase.TestBase - Starting Browser:chrome
INFO main testbase.TestBase - Started Browser:chrome
INFO main testbase.TestBase - Started URL:https://opensource-demo.orangehrmlive.com/
INFO main testbase.TestBase - Starting Browser:chrome
INFO main testbase.TestBase - Started Browser:chrome
INFO main testbase.TestBase - Started URL:https://opensource-demo.orangehrmlive.com/
INFO main testbase.TestBase - Starting Browser:chrome
INFO main testbase.TestBase - Started Browser:chrome
INFO main testbase.TestBase - Started URL:https://opensource-demo.orangehrmlive.com/
INFO main testbase.TestBase - Starting Browser:chrome
INFO main testbase.TestBase - Started Browser:chrome
INFO main testbase.TestBase - Started URL:https://opensource-demo.orangehrmlive.com/
INFO main testbase.TestBase - Starting Browser:chrome
INFO main testbase.TestBase - Started Browser:chrome
INFO main testbase.TestBase - Started URL:https://opensource-demo.orangehrmlive.com/
INFO main testbase.TestBase - Starting Browser:chrome
INFO main testbase.TestBase - Started Browser:chrome
INFO main testbase.TestBase - Started URL:https://opensource-demo.orangehrmlive.com/
INFO main testbase.TestBase - Starting Browser:chrome
INFO main testbase.TestBase - Started Browser:chrome
INFO main testbase.TestBase - Started URL:https://opensource-demo.orangehrmlive.com/
INFO main testbase.TestBase - Starting Browser:chrome
INFO main testbase.TestBase - Started Browser:chrome
INFO main testbase.TestBase - Started URL:https://opensource-demo.orangehrmlive.com/
INFO main testbase.TestBase - Starting Browser:chrome
INFO main testbase.TestBase - Started Browser:chrome
INFO main testbase.TestBase - Started URL:https://opensource-demo.orangehrmlive.com/
INFO main testbase.TestBase - Starting Browser:chrome
INFO main testbase.TestBase - Started Browser:chrome
INFO main testbase.TestBase - Started URL:https://opensource-demo.orangehrmlive.com/
INFO main testbase.TestBase - Starting Browser:chrome
INFO main testbase.TestBase - Started Browser:chrome
INFO main testbase.TestBase - Started URL:https://opensource-demo.orangehrmlive.com/
INFO main testbase.TestBase - Starting Browser:chrome
INFO main testbase.TestBase - Started Browser:chrome
INFO main testbase.TestBase - Started URL:https://opensource-demo.orangehrmlive.com/
INFO main testbase.TestBase - Starting Browser:chrome
INFO main testbase.TestBase - Started Browser:chrome
INFO main testbase.TestBase - Started URL:https://opensource-demo.orangehrmlive.com/
INFO main testbase.TestBase - Starting Browser:chrome
INFO main testbase.TestBase - Started Browser:chrome
INFO main testbase.TestBase - Started URL:https://opensource-demo.orangehrmlive.com/
INFO main testbase.TestBase - Starting Browser:chrome
INFO main testbase.TestBase - Started Browser:chrome
INFO main testbase.TestBase - Started URL:https://opensource-demo.orangehrmlive.com/
INFO main testbase.TestBase - Starting Browser:chrome
INFO main testbase.TestBase - Started Browser:chrome
INFO main testbase.TestBase - Started URL:https://opensource-demo.orangehrmlive.com/
INFO main testbase.TestBase - Starting Browser:chrome
INFO main testbase.TestBase - Started Browser:chrome
INFO main testbase.TestBase - Started URL:https://opensource-demo.orangehrmlive.com/
INFO main testbase.TestBase - Starting Browser:chrome
INFO main testbase.TestBase - Started Browser:chrome
INFO main testbase.TestBase - Started URL:https://opensource-demo.orangehrmlive.com/
INFO main testbase.TestBase - Starting Browser:chrome
INFO main testbase.TestBase - Started Browser:chrome
INFO main testbase.TestBase - Started URL:https://opensource-demo.orangehrmlive.com/
INFO main testbase.TestBase - Starting Browser:chrome
INFO main testbase.TestBase - Started Browser:chrome
INFO main testbase.TestBase - Started URL:https://opensource-demo.orangehrmlive.com/
INFO main testbase.TestBase - Starting Browser:chrome
INFO main testbase.TestBase - Started Browser:chrome
INFO main testbase.TestBase - Started URL:https://opensource-demo.orangehrmlive.com/
INFO main testbase.TestBase - Starting Browser:chrome
INFO main testbase.TestBase - Started Browser:chrome
INFO main testbase.TestBase - Started URL:https://opensource-demo.orangehrmlive.com/
INFO main testbase.TestBase - Starting Browser:chrome
INFO main testbase.TestBase - Started Browser:chrome
INFO main testbase.TestBase - Started URL:https://opensource-demo.orangehrmlive.com/
INFO main testbase.TestBase - Starting Browser:chrome
INFO main testbase.TestBase - Started Browser:chrome
INFO main testbase.TestBase - Started URL:https://opensource-demo.orangehrmlive.com/
INFO main testbase.TestBase - Starting Browser:chrome
INFO main testbase.TestBase - Started Browser:chrome
INFO main testbase.TestBase - Started URL:https://opensource-demo.orangehrmlive.com/
INFO main testbase.TestBase - Starting Browser:chrome
INFO main testbase.TestBase - Started Browser:chrome
INFO main testbase.TestBase - Started URL:https://opensource-demo.orangehrmlive.com/
INFO main testbase.TestBase - Starting Browser:chrome
INFO main testbase.TestBase - Started Browser:chrome
INFO main testbase.TestBase - Started URL:https://opensource-demo.orangehrmlive.com/
